\BOOKMARK [1][-]{section.1}{\376\377\0001\000\040\000F\000i\000l\000e\000\040\000D\000o\000c\000u\000m\000e\000n\000t\000a\000t\000i\000o\000n}{}% 1
\BOOKMARK [2][-]{subsection.1.1}{\376\377\0001\000.\0001\000\040\000s\000r\000c\000/\000a\000u\000t\000o\000r\000o\000b\000o\000t\000.\000c\000p\000p\000\040\000F\000i\000l\000e\000\040\000R\000e\000f\000e\000r\000e\000n\000c\000e}{section.1}% 2
\BOOKMARK [3][-]{subsubsection.1.1.1}{\376\377\0001\000.\0001\000.\0001\000\040\000D\000e\000t\000a\000i\000l\000e\000d\000\040\000D\000e\000s\000c\000r\000i\000p\000t\000i\000o\000n}{subsection.1.1}% 3
\BOOKMARK [2][-]{subsection.1.2}{\376\377\0001\000.\0002\000\040\000s\000r\000c\000/\000c\000h\000e\000c\000k\000a\000b\000l\000e\000b\000u\000t\000t\000o\000n\000.\000c\000p\000p\000\040\000F\000i\000l\000e\000\040\000R\000e\000f\000e\000r\000e\000n\000c\000e}{section.1}% 4
\BOOKMARK [3][-]{subsubsection.1.2.1}{\376\377\0001\000.\0002\000.\0001\000\040\000D\000e\000t\000a\000i\000l\000e\000d\000\040\000D\000e\000s\000c\000r\000i\000p\000t\000i\000o\000n}{subsection.1.2}% 5
\BOOKMARK [2][-]{subsection.1.3}{\376\377\0001\000.\0003\000\040\000s\000r\000c\000/\000e\000x\000p\000b\000u\000t\000t\000o\000n\000.\000c\000p\000p\000\040\000F\000i\000l\000e\000\040\000R\000e\000f\000e\000r\000e\000n\000c\000e}{section.1}% 6
\BOOKMARK [3][-]{subsubsection.1.3.1}{\376\377\0001\000.\0003\000.\0001\000\040\000D\000e\000t\000a\000i\000l\000e\000d\000\040\000D\000e\000s\000c\000r\000i\000p\000t\000i\000o\000n}{subsection.1.3}% 7
\BOOKMARK [2][-]{subsection.1.4}{\376\377\0001\000.\0004\000\040\000s\000r\000c\000/\000e\000x\000p\000b\000u\000t\000t\000o\000n\000w\000i\000d\000g\000e\000t\000.\000c\000p\000p\000\040\000F\000i\000l\000e\000\040\000R\000e\000f\000e\000r\000e\000n\000c\000e}{section.1}% 8
\BOOKMARK [3][-]{subsubsection.1.4.1}{\376\377\0001\000.\0004\000.\0001\000\040\000D\000e\000t\000a\000i\000l\000e\000d\000\040\000D\000e\000s\000c\000r\000i\000p\000t\000i\000o\000n}{subsection.1.4}% 9
\BOOKMARK [2][-]{subsection.1.5}{\376\377\0001\000.\0005\000\040\000s\000r\000c\000/\000m\000a\000i\000n\000w\000i\000n\000d\000o\000w\000.\000c\000p\000p\000\040\000F\000i\000l\000e\000\040\000R\000e\000f\000e\000r\000e\000n\000c\000e}{section.1}% 10
\BOOKMARK [3][-]{subsubsection.1.5.1}{\376\377\0001\000.\0005\000.\0001\000\040\000D\000e\000t\000a\000i\000l\000e\000d\000\040\000D\000e\000s\000c\000r\000i\000p\000t\000i\000o\000n}{subsection.1.5}% 11
\BOOKMARK [2][-]{subsection.1.6}{\376\377\0001\000.\0006\000\040\000s\000r\000c\000/\000o\000b\000s\000t\000a\000c\000l\000e\000.\000c\000p\000p\000\040\000F\000i\000l\000e\000\040\000R\000e\000f\000e\000r\000e\000n\000c\000e}{section.1}% 12
\BOOKMARK [3][-]{subsubsection.1.6.1}{\376\377\0001\000.\0006\000.\0001\000\040\000D\000e\000t\000a\000i\000l\000e\000d\000\040\000D\000e\000s\000c\000r\000i\000p\000t\000i\000o\000n}{subsection.1.6}% 13
\BOOKMARK [2][-]{subsection.1.7}{\376\377\0001\000.\0007\000\040\000s\000r\000c\000/\000o\000v\000e\000r\000l\000a\000y\000w\000i\000d\000g\000e\000t\000.\000c\000p\000p\000\040\000F\000i\000l\000e\000\040\000R\000e\000f\000e\000r\000e\000n\000c\000e}{section.1}% 14
\BOOKMARK [3][-]{subsubsection.1.7.1}{\376\377\0001\000.\0007\000.\0001\000\040\000D\000e\000t\000a\000i\000l\000e\000d\000\040\000D\000e\000s\000c\000r\000i\000p\000t\000i\000o\000n}{subsection.1.7}% 15
\BOOKMARK [2][-]{subsection.1.8}{\376\377\0001\000.\0008\000\040\000s\000r\000c\000/\000p\000a\000r\000a\000m\000w\000i\000d\000g\000e\000t\000.\000c\000p\000p\000\040\000F\000i\000l\000e\000\040\000R\000e\000f\000e\000r\000e\000n\000c\000e}{section.1}% 16
\BOOKMARK [3][-]{subsubsection.1.8.1}{\376\377\0001\000.\0008\000.\0001\000\040\000D\000e\000t\000a\000i\000l\000e\000d\000\040\000D\000e\000s\000c\000r\000i\000p\000t\000i\000o\000n}{subsection.1.8}% 17
\BOOKMARK [2][-]{subsection.1.9}{\376\377\0001\000.\0009\000\040\000s\000r\000c\000/\000p\000o\000p\000u\000p\000s\000a\000v\000e\000w\000i\000n\000d\000o\000w\000.\000c\000p\000p\000\040\000F\000i\000l\000e\000\040\000R\000e\000f\000e\000r\000e\000n\000c\000e}{section.1}% 18
\BOOKMARK [3][-]{subsubsection.1.9.1}{\376\377\0001\000.\0009\000.\0001\000\040\000D\000e\000t\000a\000i\000l\000e\000d\000\040\000D\000e\000s\000c\000r\000i\000p\000t\000i\000o\000n}{subsection.1.9}% 19
\BOOKMARK [2][-]{subsection.1.10}{\376\377\0001\000.\0001\0000\000\040\000s\000r\000c\000/\000r\000o\000b\000o\000t\000.\000c\000p\000p\000\040\000F\000i\000l\000e\000\040\000R\000e\000f\000e\000r\000e\000n\000c\000e}{section.1}% 20
\BOOKMARK [3][-]{subsubsection.1.10.1}{\376\377\0001\000.\0001\0000\000.\0001\000\040\000D\000e\000t\000a\000i\000l\000e\000d\000\040\000D\000e\000s\000c\000r\000i\000p\000t\000i\000o\000n}{subsection.1.10}% 21
\BOOKMARK [2][-]{subsection.1.11}{\376\377\0001\000.\0001\0001\000\040\000s\000r\000c\000/\000s\000i\000m\000u\000l\000a\000t\000i\000o\000n\000e\000n\000g\000i\000n\000e\000.\000c\000p\000p\000\040\000F\000i\000l\000e\000\040\000R\000e\000f\000e\000r\000e\000n\000c\000e}{section.1}% 22
\BOOKMARK [3][-]{subsubsection.1.11.1}{\376\377\0001\000.\0001\0001\000.\0001\000\040\000D\000e\000t\000a\000i\000l\000e\000d\000\040\000D\000e\000s\000c\000r\000i\000p\000t\000i\000o\000n}{subsection.1.11}% 23
\BOOKMARK [1][-]{section*.1}{\376\377\000I\000n\000d\000e\000x}{}% 24
